2025-08-25 03:12:19 error: uncaughtException: listen EADDRNOTAVAIL: address not available 100.112.199.48:2083
Error: listen EADDRNOTAVAIL: address not available 100.112.199.48:2083
    at Server.setupListenHandle [as _listen2] (node:net:1757:21)
    at listenInCluster (node:net:1822:12)
    at doListen (node:net:1971:7)
    at process.processTicksAndRejections (node:internal/process/task_queues:83:21)
2025-08-25 03:24:21 error: uncaughtException: listen EADDRINUSE: address already in use :::2083
Error: listen EADDRINUSE: address already in use :::2083
    at Server.setupListenHandle [as _listen2] (node:net:1774:16)
    at listenInCluster (node:net:1822:12)
    at Server.listen (node:net:1910:7)
    at Object.<anonymous> (/Users/huangchunlin/Taiwanese-learning-robot/BackEnd/build/app.js:39:8)
    at Module._compile (node:internal/modules/cjs/loader:1275:14)
    at Module._extensions..js (node:internal/modules/cjs/loader:1329:10)
    at Module.load (node:internal/modules/cjs/loader:1133:32)
    at Module._load (node:internal/modules/cjs/loader:972:12)
    at Function.executeUserEntryPoint [as runMain] (node:internal/modules/run_main:83:12)
    at node:internal/main/run_main_module:23:47
2025-08-25 03:24:30 error: uncaughtException: listen EADDRINUSE: address already in use :::2083
Error: listen EADDRINUSE: address already in use :::2083
    at Server.setupListenHandle [as _listen2] (node:net:1774:16)
    at listenInCluster (node:net:1822:12)
    at Server.listen (node:net:1910:7)
    at Object.<anonymous> (/Users/huangchunlin/Taiwanese-learning-robot/BackEnd/build/app.js:39:8)
    at Module._compile (node:internal/modules/cjs/loader:1275:14)
    at Module._extensions..js (node:internal/modules/cjs/loader:1329:10)
    at Module.load (node:internal/modules/cjs/loader:1133:32)
    at Module._load (node:internal/modules/cjs/loader:972:12)
    at Function.executeUserEntryPoint [as runMain] (node:internal/modules/run_main:83:12)
    at node:internal/main/run_main_module:23:47
